[] Web service on port 80 is DOWN.
[] Disk usage on / is .
[] Web service on port 8080 is DOWN.
[] Disk usage on / is .
[] Web service on port 80 is DOWN.
[] Disk usage on / is .
[2026-03-13 10:51:02] Web service on port 80 is DOWN.
[2026-03-13 10:51:02] Disk usage on / is .
[2026-03-13 11:00:46] Server is reachable.
[2026-03-13 11:00:46] Web service on port 80 is DOWN.
[2026-03-13 11:00:46] Disk usage on / is 2%.
[2026-03-13 11:01:21] Server unreachable.
[2026-03-13 11:03:08] Server localhost is reachable.
[2026-03-13 11:03:08] Web service on port 80 is DOWN.
[2026-03-13 11:03:08] Disk usage on / is 2%.
[2026-03-13 11:03:18] Server 10.20.30.40 is unreachable.
[2026-03-13 11:04:12] Server localhost is reachable.
[2026-03-13 11:04:12] Web service on port 80 is DOWN.
[2026-03-13 11:04:12] Disk usage on / is 2%.
[2026-03-13 11:08:06] Server 10.11.1.20 is reachable.
[2026-03-13 11:08:06] Web service on port 80 is UP.
[2026-03-13 11:08:06] Disk usage on / is 2%.
[2026-03-13 11:31:00] Server localhost is reachable.
[2026-03-13 11:31:00] Web service on port 80 is DOWN.
[2026-03-13 11:31:00] Disk usage on / is 2%.
[2026-03-13 11:31:09] Server 10.11.1.20 is reachable.
[2026-03-13 11:31:09] Web service on port 80 is UP.
[2026-03-13 11:31:09] Disk usage on / is 2%.
[2026-03-13 11:31:18] Server 10.20.30.40 is unreachable.
[2026-03-13 11:40:01] Server google.com is reachable.
[2026-03-13 11:40:02] Web service on port 80 is UP.
[2026-03-13 11:40:02] Disk usage on / is 2%.
